<?xml version="1.0" encoding="UTF-8"?>
<!-- Generated by org.testng.reporters.JUnitXMLReporter -->
<testsuite ignored="2" hostname="DESKTOP-QT4IDS0" failures="0" tests="1" name="AutomationSeleniumGit" time="0.072" errors="0" timestamp="2023-12-02T00:26:31 EST">
  <testcase classname="pageObjectTests.BaseTest" name="@BeforeMethod beforeAll" time="-1.701494791925E9">
    <failure type="org.testng.TestNGException" message="
Parameter &amp;apos;url&amp;apos; is required by BeforeMethod on method beforeAll but has not been marked @Optional or defined
in C:\Users\pivov\AppData\Local\JetBrains\IdeaIC2022.2\temp-testng-customsuite.xml">
      <![CDATA[org.testng.TestNGException: 
Parameter 'url' is required by BeforeMethod on method beforeAll but has not been marked @Optional or defined
in C:\Users\pivov\AppData\Local\JetBrains\IdeaIC2022.2\temp-testng-customsuite.xml
at java.base/java.util.ArrayList.forEach(ArrayList.java:1511)
at com.intellij.rt.testng.IDEARemoteTestNG.run(IDEARemoteTestNG.java:66)
at com.intellij.rt.testng.RemoteTestNGStarter.main(RemoteTestNGStarter.java:109)
... Removed 25 stack frames]]>
    </failure>
  </testcase> <!-- @BeforeMethod beforeAll -->
  <testcase classname="pageObjectTests.BaseTest" name="@AfterMethod afterAll" time="0.0">
    <skipped/>
  </testcase> <!-- @AfterMethod afterAll -->
  <testcase classname="pageObjectTests.SmartPlaylistTests" name="playlistTest" time="0.0">
    <skipped/>
  </testcase> <!-- playlistTest -->
  <testcase classname="pageObjectTests.SmartPlaylistTests" name="createNewSmartPlaylist" time="0.0">
    <ignored/>
  </testcase> <!-- createNewSmartPlaylist -->
  <testcase classname="pageObjectTests.SmartPlaylistTests" name="createNewSmartPlaylistWithDefaultNameAndModel" time="0.0">
    <ignored/>
  </testcase> <!-- createNewSmartPlaylistWithDefaultNameAndModel -->
</testsuite> <!-- AutomationSeleniumGit -->
