<?xml version="1.0" encoding="UTF-8"?>
<testng-results ignored="5" total="7" passed="1" failed="1" skipped="0">
  <reporter-output>
  </reporter-output>
  <suite started-at="2023-12-17T10:47:31 EST" name="Master Suite" finished-at="2023-12-17T10:47:46 EST" duration-ms="14254">
    <groups>
    </groups>
    <test started-at="2023-12-17T10:47:31 EST" name="Selenium TestApiLogIn" finished-at="2023-12-17T10:47:46 EST" duration-ms="14254">
      <class name="pageObjectTests.InfoPanel">
        <test-method is-config="true" signature="sqlGetSongInfo()[pri:0, instance:pageObjectTests.InfoPanel@512535ff]" started-at="2023-12-17T10:47:31 EST" name="sqlGetSongInfo" finished-at="2023-12-17T10:47:32 EST" duration-ms="334" status="PASS">
          <reporter-output>
          </reporter-output>
        </test-method> <!-- sqlGetSongInfo -->
        <test-method is-config="true" signature="beforeAll(java.lang.String,java.lang.String,java.lang.String,java.lang.String)[pri:0, instance:pageObjectTests.InfoPanel@512535ff]" started-at="2023-12-17T10:47:32 EST" name="beforeAll" finished-at="2023-12-17T10:47:36 EST" duration-ms="4132" status="PASS">
          <params>
            <param index="0">
              <value>
                <![CDATA[https://qa.koel.app]]>
              </value>
            </param>
            <param index="1">
              <value>
                <![CDATA[irina.zhukova@testpro.io]]>
              </value>
            </param>
            <param index="2">
              <value>
                <![CDATA[te$t$tudent84]]>
              </value>
            </param>
            <param index="3">
              <value>
                <![CDATA[Chrome]]>
              </value>
            </param>
          </params>
          <reporter-output>
          </reporter-output>
        </test-method> <!-- beforeAll -->
        <test-method signature="shuffleButtonAlbumTabShuffleAlbumSongs()[pri:0, instance:pageObjectTests.InfoPanel@512535ff]" started-at="2023-12-17T10:47:36 EST" name="shuffleButtonAlbumTabShuffleAlbumSongs" finished-at="2023-12-17T10:47:39 EST" duration-ms="3020" status="PASS">
          <reporter-output>
          </reporter-output>
        </test-method> <!-- shuffleButtonAlbumTabShuffleAlbumSongs -->
        <test-method is-config="true" signature="afterAll()[pri:0, instance:pageObjectTests.InfoPanel@512535ff]" started-at="2023-12-17T10:47:39 EST" name="afterAll" finished-at="2023-12-17T10:47:40 EST" duration-ms="1237" status="PASS">
          <reporter-output>
          </reporter-output>
        </test-method> <!-- afterAll -->
        <test-method is-config="true" signature="beforeAll(java.lang.String,java.lang.String,java.lang.String,java.lang.String)[pri:0, instance:pageObjectTests.InfoPanel@512535ff]" started-at="2023-12-17T10:47:40 EST" name="beforeAll" finished-at="2023-12-17T10:47:42 EST" duration-ms="1548" status="PASS">
          <params>
            <param index="0">
              <value>
                <![CDATA[https://qa.koel.app]]>
              </value>
            </param>
            <param index="1">
              <value>
                <![CDATA[irina.zhukova@testpro.io]]>
              </value>
            </param>
            <param index="2">
              <value>
                <![CDATA[te$t$tudent84]]>
              </value>
            </param>
            <param index="3">
              <value>
                <![CDATA[Chrome]]>
              </value>
            </param>
          </params>
          <reporter-output>
          </reporter-output>
        </test-method> <!-- beforeAll -->
        <test-method signature="shuffleButtonArtistTabShuffleAlbumSongs()[pri:0, instance:pageObjectTests.InfoPanel@512535ff]" started-at="2023-12-17T10:47:42 EST" name="shuffleButtonArtistTabShuffleAlbumSongs" finished-at="2023-12-17T10:47:45 EST" duration-ms="2756" status="FAIL">
          <exception class="java.lang.AssertionError">
            <message>
              <![CDATA[did not expect [[Pluto, BornKing, BossStatus]] but found [[Pluto, BornKing, BossStatus]]]]>
            </message>
            <full-stacktrace>
              <![CDATA[java.lang.AssertionError: did not expect [[Pluto, BornKing, BossStatus]] but found [[Pluto, BornKing, BossStatus]]
at org.testng.Assert.fail(Assert.java:110)
at org.testng.Assert.assertNotEquals(Assert.java:2050)
at org.testng.Assert.assertNotEquals(Assert.java:2059)
at pageObjectTests.InfoPanel.shuffleButtonArtistTabShuffleAlbumSongs(InfoPanel.java:104)
at java.base/jdk.internal.reflect.DirectMethodHandleAccessor.invoke(DirectMethodHandleAccessor.java:104)
at java.base/java.lang.reflect.Method.invoke(Method.java:578)
at org.testng.internal.invokers.MethodInvocationHelper.invokeMethod(MethodInvocationHelper.java:139)
at org.testng.internal.invokers.TestInvoker.invokeMethod(TestInvoker.java:677)
at org.testng.internal.invokers.TestInvoker.invokeTestMethod(TestInvoker.java:221)
at org.testng.internal.invokers.MethodRunner.runInSequence(MethodRunner.java:50)
at org.testng.internal.invokers.TestInvoker$MethodInvocationAgent.invoke(TestInvoker.java:962)
at org.testng.internal.invokers.TestInvoker.invokeTestMethods(TestInvoker.java:194)
at org.testng.internal.invokers.TestMethodWorker.invokeTestMethods(TestMethodWorker.java:148)
at org.testng.internal.invokers.TestMethodWorker.run(TestMethodWorker.java:128)
at java.base/java.util.ArrayList.forEach(ArrayList.java:1511)
at org.testng.TestRunner.privateRun(TestRunner.java:806)
at org.testng.TestRunner.run(TestRunner.java:601)
at org.testng.SuiteRunner.runTest(SuiteRunner.java:433)
at org.testng.SuiteRunner.runSequentially(SuiteRunner.java:427)
at org.testng.SuiteRunner.privateRun(SuiteRunner.java:387)
at org.testng.SuiteRunner.run(SuiteRunner.java:330)
at org.testng.SuiteRunnerWorker.runSuite(SuiteRunnerWorker.java:52)
at org.testng.SuiteRunnerWorker.run(SuiteRunnerWorker.java:95)
at org.testng.TestNG.runSuitesSequentially(TestNG.java:1256)
at org.testng.TestNG.runSuitesLocally(TestNG.java:1176)
at org.testng.TestNG.runSuites(TestNG.java:1099)
at org.testng.TestNG.run(TestNG.java:1067)
at com.intellij.rt.testng.IDEARemoteTestNG.run(IDEARemoteTestNG.java:66)
at com.intellij.rt.testng.RemoteTestNGStarter.main(RemoteTestNGStarter.java:109)
]]>
            </full-stacktrace>
          </exception> <!-- java.lang.AssertionError -->
          <reporter-output>
          </reporter-output>
        </test-method> <!-- shuffleButtonArtistTabShuffleAlbumSongs -->
        <test-method is-config="true" signature="afterAll()[pri:0, instance:pageObjectTests.InfoPanel@512535ff]" started-at="2023-12-17T10:47:45 EST" name="afterAll" finished-at="2023-12-17T10:47:46 EST" duration-ms="1193" status="PASS">
          <reporter-output>
          </reporter-output>
        </test-method> <!-- afterAll -->
      </class> <!-- pageObjectTests.InfoPanel -->
    </test> <!-- Selenium TestApiLogIn -->
  </suite> <!-- Master Suite -->
</testng-results>
